<?xml version="1.0" encoding="UTF-8"?>
<testng-results ignored="0" total="1" passed="1" failed="0" skipped="0">
  <reporter-output>
  </reporter-output>
  <suite started-at="2023-02-13T13:45:48 IST" name="Suite" finished-at="2023-02-13T13:46:57 IST" duration-ms="69040">
    <groups>
    </groups>
    <test started-at="2023-02-13T13:45:48 IST" name="EbaySearchProduct" finished-at="2023-02-13T13:46:57 IST" duration-ms="69040">
      <class name="com.qa.testscripts.EbaySearchProduct">
        <test-method is-config="true" signature="setup(java.lang.String,java.lang.String)[pri:0, instance:com.qa.testscripts.EbaySearchProduct@e15b7e8]" started-at="2023-02-13T13:45:48 IST" name="setup" finished-at="2023-02-13T13:46:20 IST" duration-ms="31325" status="PASS">
          <params>
            <param index="0">
              <value>
                <![CDATA[chrome]]>
              </value>
            </param>
            <param index="1">
              <value>
                <![CDATA[https://www.ebay.com/]]>
              </value>
            </param>
          </params>
          <reporter-output>
          </reporter-output>
        </test-method> <!-- setup -->
        <test-method signature="testcase_001()[pri:0, instance:com.qa.testscripts.EbaySearchProduct@e15b7e8]" started-at="2023-02-13T13:46:20 IST" name="testcase_001" finished-at="2023-02-13T13:46:55 IST" duration-ms="34854" status="PASS">
          <reporter-output>
          </reporter-output>
        </test-method> <!-- testcase_001 -->
        <test-method is-config="true" signature="tearDown()[pri:0, instance:com.qa.testscripts.EbaySearchProduct@e15b7e8]" started-at="2023-02-13T13:46:55 IST" name="tearDown" finished-at="2023-02-13T13:46:57 IST" duration-ms="2636" status="PASS">
          <reporter-output>
          </reporter-output>
        </test-method> <!-- tearDown -->
      </class> <!-- com.qa.testscripts.EbaySearchProduct -->
    </test> <!-- EbaySearchProduct -->
  </suite> <!-- Suite -->
</testng-results>
